<?xml version="1.0" encoding="UTF-8"?>
<testsuite xmlns:xsi="http://www.w3.org/2001/XMLSchema-instance" xsi:noNamespaceSchemaLocation="https://maven.apache.org/surefire/maven-surefire-plugin/xsd/surefire-test-report-3.0.xsd" version="3.0" name="org.acme.GreetingResourceTest" time="6.721" tests="1" errors="0" skipped="0" failures="0">
  <properties>
    <property name="java.specification.version" value="21"/>
    <property name="sun.jnu.encoding" value="UTF-8"/>
    <property name="test.url" value="http://localhost:8081"/>
    <property name="io.quarkus.security.http.test-if-basic-auth-implicitly-required" value="true"/>
    <property name="java.class.path" value="/home/sebastian/Desktop/4CHIF/Syp/2025-4CHIF-pv-panels/01-projekte-2025-4chif-syp-pv-panels/code-with-quarkus/target/test-classes:/home/sebastian/Desktop/4CHIF/Syp/2025-4CHIF-pv-panels/01-projekte-2025-4chif-syp-pv-panels/code-with-quarkus/target/classes:/home/sebastian/.m2/repository/io/quarkus/quarkus-rest-jackson/3.16.2/quarkus-rest-jackson-3.16.2.jar:/home/sebastian/.m2/repository/io/quarkus/quarkus-rest-jackson-common/3.16.2/quarkus-rest-jackson-common-3.16.2.jar:/home/sebastian/.m2/repository/io/quarkus/resteasy/reactive/resteasy-reactive-jackson/3.16.2/resteasy-reactive-jackson-3.16.2.jar:/home/sebastian/.m2/repository/io/quarkus/quarkus-jackson/3.16.2/quarkus-jackson-3.16.2.jar:/home/sebastian/.m2/repository/com/fasterxml/jackson/datatype/jackson-datatype-jsr310/2.18.1/jackson-datatype-jsr310-2.18.1.jar:/home/sebastian/.m2/repository/com/fasterxml/jackson/datatype/jackson-datatype-jdk8/2.18.1/jackson-datatype-jdk8-2.18.1.jar:/home/sebastian/.m2/repository/com/fasterxml/jackson/module/jackson-module-parameter-names/2.18.1/jackson-module-parameter-names-2.18.1.jar:/home/sebastian/.m2/repository/io/quarkus/quarkus-rest/3.16.2/quarkus-rest-3.16.2.jar:/home/sebastian/.m2/repository/io/quarkus/quarkus-rest-common/3.16.2/quarkus-rest-common-3.16.2.jar:/home/sebastian/.m2/repository/io/quarkus/resteasy/reactive/resteasy-reactive-common/3.16.2/resteasy-reactive-common-3.16.2.jar:/home/sebastian/.m2/repository/io/quarkus/resteasy/reactive/resteasy-reactive-common-types/3.16.2/resteasy-reactive-common-types-3.16.2.jar:/home/sebastian/.m2/repository/org/reactivestreams/reactive-streams/1.0.4/reactive-streams-1.0.4.jar:/home/sebastian/.m2/repository/io/quarkus/quarkus-mutiny/3.16.2/quarkus-mutiny-3.16.2.jar:/home/sebastian/.m2/repository/io/quarkus/resteasy/reactive/resteasy-reactive-vertx/3.16.2/resteasy-reactive-vertx-3.16.2.jar:/home/sebastian/.m2/repository/io/vertx/vertx-web/4.5.10/vertx-web-4.5.10.jar:/home/sebastian/.m2/repository/io/vertx/vertx-web-common/4.5.10/vertx-web-common-4.5.10.jar:/home/sebastian/.m2/repository/io/vertx/vertx-auth-common/4.5.10/vertx-auth-common-4.5.10.jar:/home/sebastian/.m2/repository/io/vertx/vertx-bridge-common/4.5.10/vertx-bridge-common-4.5.10.jar:/home/sebastian/.m2/repository/io/smallrye/reactive/smallrye-mutiny-vertx-core/3.15.0/smallrye-mutiny-vertx-core-3.15.0.jar:/home/sebastian/.m2/repository/io/smallrye/reactive/smallrye-mutiny-vertx-runtime/3.15.0/smallrye-mutiny-vertx-runtime-3.15.0.jar:/home/sebastian/.m2/repository/io/smallrye/reactive/vertx-mutiny-generator/3.15.0/vertx-mutiny-generator-3.15.0.jar:/home/sebastian/.m2/repository/io/vertx/vertx-codegen/4.5.10/vertx-codegen-4.5.10.jar:/home/sebastian/.m2/repository/io/quarkus/resteasy/reactive/resteasy-reactive/3.16.2/resteasy-reactive-3.16.2.jar:/home/sebastian/.m2/repository/io/quarkus/vertx/utils/quarkus-vertx-utils/3.16.2/quarkus-vertx-utils-3.16.2.jar:/home/sebastian/.m2/repository/jakarta/enterprise/jakarta.enterprise.cdi-api/4.1.0/jakarta.enterprise.cdi-api-4.1.0.jar:/home/sebastian/.m2/repository/jakarta/enterprise/jakarta.enterprise.lang-model/4.1.0/jakarta.enterprise.lang-model-4.1.0.jar:/home/sebastian/.m2/repository/jakarta/interceptor/jakarta.interceptor-api/2.2.0/jakarta.interceptor-api-2.2.0.jar:/home/sebastian/.m2/repository/jakarta/ws/rs/jakarta.ws.rs-api/3.1.0/jakarta.ws.rs-api-3.1.0.jar:/home/sebastian/.m2/repository/org/jboss/logging/commons-logging-jboss-logging/1.0.0.Final/commons-logging-jboss-logging-1.0.0.Final.jar:/home/sebastian/.m2/repository/jakarta/xml/bind/jakarta.xml.bind-api/4.0.2/jakarta.xml.bind-api-4.0.2.jar:/home/sebastian/.m2/repository/jakarta/activation/jakarta.activation-api/2.1.3/jakarta.activation-api-2.1.3.jar:/home/sebastian/.m2/repository/org/jboss/logging/jboss-logging/3.6.1.Final/jboss-logging-3.6.1.Final.jar:/home/sebastian/.m2/repository/io/quarkus/quarkus-vertx-http/3.16.2/quarkus-vertx-http-3.16.2.jar:/home/sebastian/.m2/repository/io/quarkus/quarkus-security-runtime-spi/3.16.2/quarkus-security-runtime-spi-3.16.2.jar:/home/sebastian/.m2/repository/io/quarkus/quarkus-credentials/3.16.2/quarkus-credentials-3.16.2.jar:/home/sebastian/.m2/repository/io/smallrye/common/smallrye-common-vertx-context/2.7.0/smallrye-common-vertx-context-2.7.0.jar:/home/sebastian/.m2/repository/io/smallrye/common/smallrye-common-constraint/2.7.0/smallrye-common-constraint-2.7.0.jar:/home/sebastian/.m2/repository/io/quarkus/security/quarkus-security/2.1.0/quarkus-security-2.1.0.jar:/home/sebastian/.m2/repository/io/smallrye/reactive/smallrye-mutiny-vertx-web/3.15.0/smallrye-mutiny-vertx-web-3.15.0.jar:/home/sebastian/.m2/repository/io/smallrye/reactive/smallrye-mutiny-vertx-web-common/3.15.0/smallrye-mutiny-vertx-web-common-3.15.0.jar:/home/sebastian/.m2/repository/io/smallrye/reactive/smallrye-mutiny-vertx-auth-common/3.15.0/smallrye-mutiny-vertx-auth-common-3.15.0.jar:/home/sebastian/.m2/repository/io/smallrye/reactive/smallrye-mutiny-vertx-bridge-common/3.15.0/smallrye-mutiny-vertx-bridge-common-3.15.0.jar:/home/sebastian/.m2/repository/io/smallrye/reactive/smallrye-mutiny-vertx-uri-template/3.15.0/smallrye-mutiny-vertx-uri-template-3.15.0.jar:/home/sebastian/.m2/repository/io/vertx/vertx-uri-template/4.5.10/vertx-uri-template-4.5.10.jar:/home/sebastian/.m2/repository/io/github/crac/org-crac/0.1.3/org-crac-0.1.3.jar:/home/sebastian/.m2/repository/com/aayushatharva/brotli4j/brotli4j/1.16.0/brotli4j-1.16.0.jar:/home/sebastian/.m2/repository/com/aayushatharva/brotli4j/service/1.16.0/service-1.16.0.jar:/home/sebastian/.m2/repository/com/aayushatharva/brotli4j/native-linux-x86_64/1.16.0/native-linux-x86_64-1.16.0.jar:/home/sebastian/.m2/repository/io/quarkus/quarkus-jsonp/3.16.2/quarkus-jsonp-3.16.2.jar:/home/sebastian/.m2/repository/org/eclipse/parsson/parsson/1.1.7/parsson-1.1.7.jar:/home/sebastian/.m2/repository/jakarta/json/jakarta.json-api/2.1.3/jakarta.json-api-2.1.3.jar:/home/sebastian/.m2/repository/io/quarkus/quarkus-virtual-threads/3.16.2/quarkus-virtual-threads-3.16.2.jar:/home/sebastian/.m2/repository/io/vertx/vertx-core/4.5.10/vertx-core-4.5.10.jar:/home/sebastian/.m2/repository/io/netty/netty-common/4.1.111.Final/netty-common-4.1.111.Final.jar:/home/sebastian/.m2/repository/io/netty/netty-buffer/4.1.111.Final/netty-buffer-4.1.111.Final.jar:/home/sebastian/.m2/repository/io/netty/netty-transport/4.1.111.Final/netty-transport-4.1.111.Final.jar:/home/sebastian/.m2/repository/io/netty/netty-handler/4.1.111.Final/netty-handler-4.1.111.Final.jar:/home/sebastian/.m2/repository/io/netty/netty-transport-native-unix-common/4.1.111.Final/netty-transport-native-unix-common-4.1.111.Final.jar:/home/sebastian/.m2/repository/io/netty/netty-handler-proxy/4.1.111.Final/netty-handler-proxy-4.1.111.Final.jar:/home/sebastian/.m2/repository/io/netty/netty-codec-socks/4.1.111.Final/netty-codec-socks-4.1.111.Final.jar:/home/sebastian/.m2/repository/io/netty/netty-codec-http/4.1.111.Final/netty-codec-http-4.1.111.Final.jar:/home/sebastian/.m2/repository/io/netty/netty-codec-http2/4.1.111.Final/netty-codec-http2-4.1.111.Final.jar:/home/sebastian/.m2/repository/io/netty/netty-resolver/4.1.111.Final/netty-resolver-4.1.111.Final.jar:/home/sebastian/.m2/repository/io/netty/netty-resolver-dns/4.1.111.Final/netty-resolver-dns-4.1.111.Final.jar:/home/sebastian/.m2/repository/io/netty/netty-codec-dns/4.1.111.Final/netty-codec-dns-4.1.111.Final.jar:/home/sebastian/.m2/repository/io/quarkus/quarkus-arc/3.16.2/quarkus-arc-3.16.2.jar:/home/sebastian/.m2/repository/io/quarkus/arc/arc/3.16.2/arc-3.16.2.jar:/home/sebastian/.m2/repository/jakarta/transaction/jakarta.transaction-api/2.0.1/jakarta.transaction-api-2.0.1.jar:/home/sebastian/.m2/repository/io/smallrye/reactive/mutiny/2.6.2/mutiny-2.6.2.jar:/home/sebastian/.m2/repository/org/jctools/jctools-core/4.0.5/jctools-core-4.0.5.jar:/home/sebastian/.m2/repository/io/quarkus/quarkus-core/3.16.2/quarkus-core-3.16.2.jar:/home/sebastian/.m2/repository/jakarta/inject/jakarta.inject-api/2.0.1/jakarta.inject-api-2.0.1.jar:/home/sebastian/.m2/repository/io/smallrye/common/smallrye-common-os/2.7.0/smallrye-common-os-2.7.0.jar:/home/sebastian/.m2/repository/io/quarkus/quarkus-ide-launcher/3.16.2/quarkus-ide-launcher-3.16.2.jar:/home/sebastian/.m2/repository/io/quarkus/quarkus-development-mode-spi/3.16.2/quarkus-development-mode-spi-3.16.2.jar:/home/sebastian/.m2/repository/io/smallrye/config/smallrye-config/3.9.1/smallrye-config-3.9.1.jar:/home/sebastian/.m2/repository/io/smallrye/config/smallrye-config-core/3.9.1/smallrye-config-core-3.9.1.jar:/home/sebastian/.m2/repository/io/smallrye/common/smallrye-common-classloader/2.7.0/smallrye-common-classloader-2.7.0.jar:/home/sebastian/.m2/repository/io/smallrye/config/smallrye-config-common/3.9.1/smallrye-config-common-3.9.1.jar:/home/sebastian/.m2/repository/org/jboss/logmanager/jboss-logmanager/3.0.6.Final/jboss-logmanager-3.0.6.Final.jar:/home/sebastian/.m2/repository/io/smallrye/common/smallrye-common-cpu/2.7.0/smallrye-common-cpu-2.7.0.jar:/home/sebastian/.m2/repository/io/smallrye/common/smallrye-common-expression/2.7.0/smallrye-common-expression-2.7.0.jar:/home/sebastian/.m2/repository/io/smallrye/common/smallrye-common-net/2.7.0/smallrye-common-net-2.7.0.jar:/home/sebastian/.m2/repository/io/smallrye/common/smallrye-common-ref/2.7.0/smallrye-common-ref-2.7.0.jar:/home/sebastian/.m2/repository/org/jboss/logging/jboss-logging-annotations/3.0.2.Final/jboss-logging-annotations-3.0.2.Final.jar:/home/sebastian/.m2/repository/org/jboss/threads/jboss-threads/3.8.0.Final/jboss-threads-3.8.0.Final.jar:/home/sebastian/.m2/repository/io/smallrye/common/smallrye-common-function/2.7.0/smallrye-common-function-2.7.0.jar:/home/sebastian/.m2/repository/org/slf4j/slf4j-api/2.0.6/slf4j-api-2.0.6.jar:/home/sebastian/.m2/repository/org/wildfly/common/wildfly-common/1.7.0.Final/wildfly-common-1.7.0.Final.jar:/home/sebastian/.m2/repository/io/quarkus/quarkus-bootstrap-runner/3.16.2/quarkus-bootstrap-runner-3.16.2.jar:/home/sebastian/.m2/repository/io/quarkus/quarkus-fs-util/0.0.10/quarkus-fs-util-0.0.10.jar:/home/sebastian/.m2/repository/org/eclipse/microprofile/context-propagation/microprofile-context-propagation-api/1.3/microprofile-context-propagation-api-1.3.jar:/home/sebastian/.m2/repository/io/quarkus/quarkus-messaging-mqtt/3.16.2/quarkus-messaging-mqtt-3.16.2.jar:/home/sebastian/.m2/repository/io/smallrye/reactive/smallrye-reactive-messaging-mqtt/4.25.0/smallrye-reactive-messaging-mqtt-4.25.0.jar:/home/sebastian/.m2/repository/io/smallrye/reactive/smallrye-mutiny-vertx-mqtt/3.15.0/smallrye-mutiny-vertx-mqtt-3.15.0.jar:/home/sebastian/.m2/repository/io/vertx/vertx-mqtt/4.5.10/vertx-mqtt-4.5.10.jar:/home/sebastian/.m2/repository/io/netty/netty-codec-mqtt/4.1.111.Final/netty-codec-mqtt-4.1.111.Final.jar:/home/sebastian/.m2/repository/io/smallrye/reactive/smallrye-reactive-converter-api/3.0.1/smallrye-reactive-converter-api-3.0.1.jar:/home/sebastian/.m2/repository/io/smallrye/reactive/mutiny-zero/1.1.0/mutiny-zero-1.1.0.jar:/home/sebastian/.m2/repository/io/smallrye/reactive/mutiny-zero-flow-adapters/1.1.0/mutiny-zero-flow-adapters-1.1.0.jar:/home/sebastian/.m2/repository/io/quarkus/quarkus-mutiny-reactive-streams-operators/3.16.2/quarkus-mutiny-reactive-streams-operators-3.16.2.jar:/home/sebastian/.m2/repository/org/eclipse/microprofile/reactive-streams-operators/microprofile-reactive-streams-operators-api/3.0.1/microprofile-reactive-streams-operators-api-3.0.1.jar:/home/sebastian/.m2/repository/org/eclipse/microprofile/reactive-streams-operators/microprofile-reactive-streams-operators-core/3.0.1/microprofile-reactive-streams-operators-core-3.0.1.jar:/home/sebastian/.m2/repository/io/smallrye/reactive/mutiny-reactive-streams-operators/2.6.2/mutiny-reactive-streams-operators-2.6.2.jar:/home/sebastian/.m2/repository/io/smallrye/reactive/mutiny-smallrye-context-propagation/2.6.2/mutiny-smallrye-context-propagation-2.6.2.jar:/home/sebastian/.m2/repository/io/smallrye/smallrye-context-propagation/2.1.2/smallrye-context-propagation-2.1.2.jar:/home/sebastian/.m2/repository/io/smallrye/smallrye-context-propagation-api/2.1.2/smallrye-context-propagation-api-2.1.2.jar:/home/sebastian/.m2/repository/io/smallrye/smallrye-context-propagation-storage/2.1.2/smallrye-context-propagation-storage-2.1.2.jar:/home/sebastian/.m2/repository/io/quarkus/quarkus-smallrye-context-propagation/3.16.2/quarkus-smallrye-context-propagation-3.16.2.jar:/home/sebastian/.m2/repository/io/quarkus/quarkus-messaging/3.16.2/quarkus-messaging-3.16.2.jar:/home/sebastian/.m2/repository/io/quarkus/quarkus-messaging-kotlin/3.16.2/quarkus-messaging-kotlin-3.16.2.jar:/home/sebastian/.m2/repository/io/smallrye/common/smallrye-common-annotation/2.7.0/smallrye-common-annotation-2.7.0.jar:/home/sebastian/.m2/repository/io/smallrye/reactive/smallrye-reactive-messaging-health/4.25.0/smallrye-reactive-messaging-health-4.25.0.jar:/home/sebastian/.m2/repository/org/eclipse/microprofile/health/microprofile-health-api/4.0.1/microprofile-health-api-4.0.1.jar:/home/sebastian/.m2/repository/io/quarkus/quarkus-vertx/3.16.2/quarkus-vertx-3.16.2.jar:/home/sebastian/.m2/repository/io/quarkus/quarkus-netty/3.16.2/quarkus-netty-3.16.2.jar:/home/sebastian/.m2/repository/io/netty/netty-codec/4.1.111.Final/netty-codec-4.1.111.Final.jar:/home/sebastian/.m2/repository/io/netty/netty-codec-haproxy/4.1.111.Final/netty-codec-haproxy-4.1.111.Final.jar:/home/sebastian/.m2/repository/io/quarkus/quarkus-vertx-latebound-mdc-provider/3.16.2/quarkus-vertx-latebound-mdc-provider-3.16.2.jar:/home/sebastian/.m2/repository/io/smallrye/smallrye-fault-tolerance-vertx/6.5.0/smallrye-fault-tolerance-vertx-6.5.0.jar:/home/sebastian/.m2/repository/io/quarkus/quarkus-tls-registry/3.16.2/quarkus-tls-registry-3.16.2.jar:/home/sebastian/.m2/repository/io/smallrye/reactive/smallrye-reactive-messaging-provider/4.25.0/smallrye-reactive-messaging-provider-4.25.0.jar:/home/sebastian/.m2/repository/io/smallrye/reactive/smallrye-reactive-messaging-api/4.25.0/smallrye-reactive-messaging-api-4.25.0.jar:/home/sebastian/.m2/repository/io/opentelemetry/opentelemetry-api/1.42.1/opentelemetry-api-1.42.1.jar:/home/sebastian/.m2/repository/io/opentelemetry/opentelemetry-context/1.42.1/opentelemetry-context-1.42.1.jar:/home/sebastian/.m2/repository/jakarta/annotation/jakarta.annotation-api/3.0.0/jakarta.annotation-api-3.0.0.jar:/home/sebastian/.m2/repository/io/quarkus/quarkus-scheduler/3.16.2/quarkus-scheduler-3.16.2.jar:/home/sebastian/.m2/repository/io/quarkus/quarkus-scheduler-kotlin/3.16.2/quarkus-scheduler-kotlin-3.16.2.jar:/home/sebastian/.m2/repository/io/quarkus/quarkus-scheduler-common/3.16.2/quarkus-scheduler-common-3.16.2.jar:/home/sebastian/.m2/repository/io/quarkus/quarkus-scheduler-api/3.16.2/quarkus-scheduler-api-3.16.2.jar:/home/sebastian/.m2/repository/io/quarkus/quarkus-scheduler-spi/3.16.2/quarkus-scheduler-spi-3.16.2.jar:/home/sebastian/.m2/repository/io/opentelemetry/instrumentation/opentelemetry-instrumentation-api/2.8.0/opentelemetry-instrumentation-api-2.8.0.jar:/home/sebastian/.m2/repository/io/opentelemetry/opentelemetry-api-incubator/1.42.1-alpha/opentelemetry-api-incubator-1.42.1-alpha.jar:/home/sebastian/.m2/repository/io/opentelemetry/semconv/opentelemetry-semconv/1.27.0-alpha/opentelemetry-semconv-1.27.0-alpha.jar:/home/sebastian/.m2/repository/com/cronutils/cron-utils/9.2.1/cron-utils-9.2.1.jar:/home/sebastian/.m2/repository/org/jboss/slf4j/slf4j-jboss-logmanager/2.0.0.Final/slf4j-jboss-logmanager-2.0.0.Final.jar:/home/sebastian/.m2/repository/org/glassfish/expressly/expressly/5.0.0/expressly-5.0.0.jar:/home/sebastian/.m2/repository/jakarta/el/jakarta.el-api/5.0.1/jakarta.el-api-5.0.1.jar:/home/sebastian/.m2/repository/io/quarkus/quarkus-junit5/3.16.2/quarkus-junit5-3.16.2.jar:/home/sebastian/.m2/repository/io/quarkus/quarkus-bootstrap-core/3.16.2/quarkus-bootstrap-core-3.16.2.jar:/home/sebastian/.m2/repository/io/quarkus/quarkus-classloader-commons/3.16.2/quarkus-classloader-commons-3.16.2.jar:/home/sebastian/.m2/repository/io/quarkus/quarkus-bootstrap-app-model/3.16.2/quarkus-bootstrap-app-model-3.16.2.jar:/home/sebastian/.m2/repository/io/smallrye/common/smallrye-common-io/2.7.0/smallrye-common-io-2.7.0.jar:/home/sebastian/.m2/repository/org/eclipse/sisu/org.eclipse.sisu.inject/0.9.0.M3/org.eclipse.sisu.inject-0.9.0.M3.jar:/home/sebastian/.m2/repository/io/quarkus/quarkus-test-common/3.16.2/quarkus-test-common-3.16.2.jar:/home/sebastian/.m2/repository/io/quarkus/quarkus-core-deployment/3.16.2/quarkus-core-deployment-3.16.2.jar:/home/sebastian/.m2/repository/org/aesh/readline/2.6/readline-2.6.jar:/home/sebastian/.m2/repository/org/fusesource/jansi/jansi/2.4.0/jansi-2.4.0.jar:/home/sebastian/.m2/repository/org/aesh/aesh/2.8.2/aesh-2.8.2.jar:/home/sebastian/.m2/repository/io/quarkus/gizmo/gizmo/1.8.0/gizmo-1.8.0.jar:/home/sebastian/.m2/repository/org/ow2/asm/asm-util/9.7.1/asm-util-9.7.1.jar:/home/sebastian/.m2/repository/org/ow2/asm/asm-analysis/9.7.1/asm-analysis-9.7.1.jar:/home/sebastian/.m2/repository/org/ow2/asm/asm/9.7.1/asm-9.7.1.jar:/home/sebastian/.m2/repository/org/ow2/asm/asm-commons/9.7.1/asm-commons-9.7.1.jar:/home/sebastian/.m2/repository/org/ow2/asm/asm-tree/9.7.1/asm-tree-9.7.1.jar:/home/sebastian/.m2/repository/io/quarkus/quarkus-hibernate-validator-spi/3.16.2/quarkus-hibernate-validator-spi-3.16.2.jar:/home/sebastian/.m2/repository/io/quarkus/quarkus-class-change-agent/3.16.2/quarkus-class-change-agent-3.16.2.jar:/home/sebastian/.m2/repository/io/quarkus/quarkus-devtools-utilities/3.16.2/quarkus-devtools-utilities-3.16.2.jar:/home/sebastian/.m2/repository/io/quarkus/quarkus-builder/3.16.2/quarkus-builder-3.16.2.jar:/home/sebastian/.m2/repository/org/graalvm/sdk/nativeimage/23.1.2/nativeimage-23.1.2.jar:/home/sebastian/.m2/repository/org/graalvm/sdk/word/23.1.2/word-23.1.2.jar:/home/sebastian/.m2/repository/org/junit/platform/junit-platform-launcher/1.10.5/junit-platform-launcher-1.10.5.jar:/home/sebastian/.m2/repository/io/quarkus/quarkus-bootstrap-maven-resolver/3.16.2/quarkus-bootstrap-maven-resolver-3.16.2.jar:/home/sebastian/.m2/repository/io/smallrye/beanbag/smallrye-beanbag-maven/1.5.2/smallrye-beanbag-maven-1.5.2.jar:/home/sebastian/.m2/repository/io/smallrye/beanbag/smallrye-beanbag-sisu/1.5.2/smallrye-beanbag-sisu-1.5.2.jar:/home/sebastian/.m2/repository/io/smallrye/beanbag/smallrye-beanbag/1.5.2/smallrye-beanbag-1.5.2.jar:/home/sebastian/.m2/repository/javax/inject/javax.inject/1/javax.inject-1.jar:/home/sebastian/.m2/repository/org/apache/maven/maven-artifact/3.9.9/maven-artifact-3.9.9.jar:/home/sebastian/.m2/repository/org/apache/maven/maven-builder-support/3.9.9/maven-builder-support-3.9.9.jar:/home/sebastian/.m2/repository/org/apache/maven/maven-model/3.9.9/maven-model-3.9.9.jar:/home/sebastian/.m2/repository/org/apache/maven/maven-model-builder/3.9.9/maven-model-builder-3.9.9.jar:/home/sebastian/.m2/repository/org/apache/maven/maven-repository-metadata/3.9.9/maven-repository-metadata-3.9.9.jar:/home/sebastian/.m2/repository/org/apache/maven/maven-settings/3.9.9/maven-settings-3.9.9.jar:/home/sebastian/.m2/repository/org/apache/maven/resolver/maven-resolver-api/1.9.22/maven-resolver-api-1.9.22.jar:/home/sebastian/.m2/repository/org/apache/maven/resolver/maven-resolver-impl/1.9.22/maven-resolver-impl-1.9.22.jar:/home/sebastian/.m2/repository/org/apache/maven/resolver/maven-resolver-named-locks/1.9.22/maven-resolver-named-locks-1.9.22.jar:/home/sebastian/.m2/repository/org/apache/maven/resolver/maven-resolver-spi/1.9.22/maven-resolver-spi-1.9.22.jar:/home/sebastian/.m2/repository/org/apache/maven/resolver/maven-resolver-util/1.9.22/maven-resolver-util-1.9.22.jar:/home/sebastian/.m2/repository/org/apache/maven/resolver/maven-resolver-transport-http/1.9.20/maven-resolver-transport-http-1.9.20.jar:/home/sebastian/.m2/repository/org/apache/maven/wagon/wagon-provider-api/3.5.3/wagon-provider-api-3.5.3.jar:/home/sebastian/.m2/repository/org/apache/maven/wagon/wagon-http-shared/3.5.3/wagon-http-shared-3.5.3.jar:/home/sebastian/.m2/repository/org/codehaus/plexus/plexus-interpolation/1.26/plexus-interpolation-1.26.jar:/home/sebastian/.m2/repository/org/codehaus/plexus/plexus-utils/3.5.1/plexus-utils-3.5.1.jar:/home/sebastian/.m2/repository/org/codehaus/plexus/plexus-xml/4.0.1/plexus-xml-4.0.1.jar:/home/sebastian/.m2/repository/org/apache/maven/maven-xml-impl/4.0.0-alpha-5/maven-xml-impl-4.0.0-alpha-5.jar:/home/sebastian/.m2/repository/org/apache/maven/maven-api-xml/4.0.0-alpha-5/maven-api-xml-4.0.0-alpha-5.jar:/home/sebastian/.m2/repository/org/apache/maven/maven-api-meta/4.0.0-alpha-5/maven-api-meta-4.0.0-alpha-5.jar:/home/sebastian/.m2/repository/org/codehaus/plexus/plexus-cipher/2.0/plexus-cipher-2.0.jar:/home/sebastian/.m2/repository/org/codehaus/plexus/plexus-sec-dispatcher/2.0/plexus-sec-dispatcher-2.0.jar:/home/sebastian/.m2/repository/org/apache/maven/maven-embedder/3.9.9/maven-embedder-3.9.9.jar:/home/sebastian/.m2/repository/org/apache/maven/maven-core/3.9.9/maven-core-3.9.9.jar:/home/sebastian/.m2/repository/org/codehaus/plexus/plexus-component-annotations/2.1.0/plexus-component-annotations-2.1.0.jar:/home/sebastian/.m2/repository/org/apache/maven/maven-plugin-api/3.9.9/maven-plugin-api-3.9.9.jar:/home/sebastian/.m2/repository/org/apache/maven/shared/maven-shared-utils/3.4.2/maven-shared-utils-3.4.2.jar:/home/sebastian/.m2/repository/com/google/inject/guice/5.1.0/guice-5.1.0.jar:/home/sebastian/.m2/repository/aopalliance/aopalliance/1.0/aopalliance-1.0.jar:/home/sebastian/.m2/repository/com/google/guava/guava/33.3.1-jre/guava-33.3.1-jre.jar:/home/sebastian/.m2/repository/com/google/guava/failureaccess/1.0.1/failureaccess-1.0.1.jar:/home/sebastian/.m2/repository/javax/annotation/javax.annotation-api/1.3.2/javax.annotation-api-1.3.2.jar:/home/sebastian/.m2/repository/org/codehaus/plexus/plexus-classworlds/2.6.0/plexus-classworlds-2.6.0.jar:/home/sebastian/.m2/repository/commons-cli/commons-cli/1.8.0/commons-cli-1.8.0.jar:/home/sebastian/.m2/repository/org/eclipse/sisu/org.eclipse.sisu.plexus/0.9.0.M3/org.eclipse.sisu.plexus-0.9.0.M3.jar:/home/sebastian/.m2/repository/org/apache/maven/maven-settings-builder/3.9.9/maven-settings-builder-3.9.9.jar:/home/sebastian/.m2/repository/org/apache/maven/maven-resolver-provider/3.9.9/maven-resolver-provider-3.9.9.jar:/home/sebastian/.m2/repository/org/apache/maven/resolver/maven-resolver-connector-basic/1.9.22/maven-resolver-connector-basic-1.9.22.jar:/home/sebastian/.m2/repository/org/apache/maven/resolver/maven-resolver-transport-wagon/1.9.22/maven-resolver-transport-wagon-1.9.22.jar:/home/sebastian/.m2/repository/org/apache/maven/wagon/wagon-http/3.5.3/wagon-http-3.5.3.jar:/home/sebastian/.m2/repository/org/apache/maven/wagon/wagon-file/3.5.3/wagon-file-3.5.3.jar:/home/sebastian/.m2/repository/io/quarkus/quarkus-bootstrap-gradle-resolver/3.16.2/quarkus-bootstrap-gradle-resolver-3.16.2.jar:/home/sebastian/.m2/repository/io/smallrye/jandex/3.2.3/jandex-3.2.3.jar:/home/sebastian/.m2/repository/commons-io/commons-io/2.17.0/commons-io-2.17.0.jar:/home/sebastian/.m2/repository/io/quarkus/quarkus-junit5-properties/3.16.2/quarkus-junit5-properties-3.16.2.jar:/home/sebastian/.m2/repository/org/junit/jupiter/junit-jupiter/5.10.5/junit-jupiter-5.10.5.jar:/home/sebastian/.m2/repository/org/junit/jupiter/junit-jupiter-api/5.10.5/junit-jupiter-api-5.10.5.jar:/home/sebastian/.m2/repository/org/opentest4j/opentest4j/1.3.0/opentest4j-1.3.0.jar:/home/sebastian/.m2/repository/org/junit/platform/junit-platform-commons/1.10.5/junit-platform-commons-1.10.5.jar:/home/sebastian/.m2/repository/org/apiguardian/apiguardian-api/1.1.2/apiguardian-api-1.1.2.jar:/home/sebastian/.m2/repository/org/junit/jupiter/junit-jupiter-params/5.10.5/junit-jupiter-params-5.10.5.jar:/home/sebastian/.m2/repository/org/junit/jupiter/junit-jupiter-engine/5.10.5/junit-jupiter-engine-5.10.5.jar:/home/sebastian/.m2/repository/org/junit/platform/junit-platform-engine/1.10.5/junit-platform-engine-1.10.5.jar:/home/sebastian/.m2/repository/org/jboss/marshalling/jboss-marshalling/2.2.1.Final/jboss-marshalling-2.2.1.Final.jar:/home/sebastian/.m2/repository/io/rest-assured/rest-assured/5.5.0/rest-assured-5.5.0.jar:/home/sebastian/.m2/repository/org/apache/groovy/groovy/4.0.22/groovy-4.0.22.jar:/home/sebastian/.m2/repository/org/apache/groovy/groovy-xml/4.0.22/groovy-xml-4.0.22.jar:/home/sebastian/.m2/repository/org/apache/httpcomponents/httpclient/4.5.14/httpclient-4.5.14.jar:/home/sebastian/.m2/repository/org/apache/httpcomponents/httpcore/4.4.16/httpcore-4.4.16.jar:/home/sebastian/.m2/repository/commons-codec/commons-codec/1.17.1/commons-codec-1.17.1.jar:/home/sebastian/.m2/repository/org/apache/httpcomponents/httpmime/4.5.14/httpmime-4.5.14.jar:/home/sebastian/.m2/repository/org/hamcrest/hamcrest/2.2/hamcrest-2.2.jar:/home/sebastian/.m2/repository/org/ccil/cowan/tagsoup/tagsoup/1.2.1/tagsoup-1.2.1.jar:/home/sebastian/.m2/repository/io/rest-assured/json-path/5.5.0/json-path-5.5.0.jar:/home/sebastian/.m2/repository/org/apache/groovy/groovy-json/4.0.22/groovy-json-4.0.22.jar:/home/sebastian/.m2/repository/io/rest-assured/rest-assured-common/5.5.0/rest-assured-common-5.5.0.jar:/home/sebastian/.m2/repository/io/rest-assured/xml-path/5.5.0/xml-path-5.5.0.jar:/home/sebastian/.m2/repository/org/apache/commons/commons-lang3/3.17.0/commons-lang3-3.17.0.jar:/home/sebastian/.m2/repository/io/quarkus/quarkus-smallrye-openapi/3.16.2/quarkus-smallrye-openapi-3.16.2.jar:/home/sebastian/.m2/repository/io/smallrye/smallrye-open-api-core/3.13.0/smallrye-open-api-core-3.13.0.jar:/home/sebastian/.m2/repository/org/eclipse/microprofile/openapi/microprofile-openapi-api/3.1.2/microprofile-openapi-api-3.1.2.jar:/home/sebastian/.m2/repository/org/eclipse/microprofile/config/microprofile-config-api/3.1/microprofile-config-api-3.1.jar:/home/sebastian/.m2/repository/com/fasterxml/jackson/core/jackson-core/2.18.1/jackson-core-2.18.1.jar:/home/sebastian/.m2/repository/com/fasterxml/jackson/core/jackson-databind/2.18.1/jackson-databind-2.18.1.jar:/home/sebastian/.m2/repository/com/fasterxml/jackson/core/jackson-annotations/2.18.1/jackson-annotations-2.18.1.jar:/home/sebastian/.m2/repository/com/fasterxml/jackson/dataformat/jackson-dataformat-yaml/2.18.1/jackson-dataformat-yaml-2.18.1.jar:/home/sebastian/.m2/repository/org/yaml/snakeyaml/2.3/snakeyaml-2.3.jar:/home/sebastian/.m2/repository/io/quarkus/quarkus-swagger-ui/3.16.2/quarkus-swagger-ui-3.16.2.jar:/home/sebastian/.m2/repository/org/assertj/assertj-core/3.24.2/assertj-core-3.24.2.jar:/home/sebastian/.m2/repository/net/bytebuddy/byte-buddy/1.14.18/byte-buddy-1.14.18.jar:/home/sebastian/.m2/repository/org/influxdb/influxdb-java/2.23/influxdb-java-2.23.jar:/home/sebastian/.m2/repository/com/squareup/retrofit2/retrofit/2.9.0/retrofit-2.9.0.jar:/home/sebastian/.m2/repository/com/squareup/retrofit2/converter-moshi/2.9.0/converter-moshi-2.9.0.jar:/home/sebastian/.m2/repository/com/squareup/moshi/moshi/1.8.0/moshi-1.8.0.jar:/home/sebastian/.m2/repository/org/msgpack/msgpack-core/0.9.3/msgpack-core-0.9.3.jar:/home/sebastian/.m2/repository/com/squareup/okhttp3/okhttp/4.10.0/okhttp-4.10.0.jar:/home/sebastian/.m2/repository/com/squareup/okio/okio-jvm/3.0.0/okio-jvm-3.0.0.jar:/home/sebastian/.m2/repository/org/jetbrains/kotlin/kotlin-stdlib-common/2.0.21/kotlin-stdlib-common-2.0.21.jar:/home/sebastian/.m2/repository/org/jetbrains/kotlin/kotlin-stdlib/2.0.21/kotlin-stdlib-2.0.21.jar:/home/sebastian/.m2/repository/org/jetbrains/annotations/26.0.1/annotations-26.0.1.jar:/home/sebastian/.m2/repository/com/squareup/okhttp3/logging-interceptor/4.10.0/logging-interceptor-4.10.0.jar:/home/sebastian/.m2/repository/org/jetbrains/kotlin/kotlin-stdlib-jdk8/2.0.21/kotlin-stdlib-jdk8-2.0.21.jar:/home/sebastian/.m2/repository/org/jetbrains/kotlin/kotlin-stdlib-jdk7/2.0.21/kotlin-stdlib-jdk7-2.0.21.jar:"/>
    <property name="java.vm.vendor" value="Ubuntu"/>
    <property name="sun.arch.data.model" value="64"/>
    <property name="java.vendor.url" value="https://ubuntu.com/"/>
    <property name="user.timezone" value="Europe/Vienna"/>
    <property name="logging.initial-configurator.min-level" value="500"/>
    <property name="os.name" value="Linux"/>
    <property name="java.vm.specification.version" value="21"/>
    <property name="sun.java.launcher" value="SUN_STANDARD"/>
    <property name="user.country" value="US"/>
    <property name="groovy.use.classvalue" value="false"/>
    <property name="sun.boot.library.path" value="/usr/lib/jvm/java-21-openjdk-amd64/lib"/>
    <property name="sun.java.command" value="/home/sebastian/Desktop/4CHIF/Syp/2025-4CHIF-pv-panels/01-projekte-2025-4chif-syp-pv-panels/code-with-quarkus/target/surefire/surefirebooter-20241202113641530_3.jar /home/sebastian/Desktop/4CHIF/Syp/2025-4CHIF-pv-panels/01-projekte-2025-4chif-syp-pv-panels/code-with-quarkus/target/surefire 2024-12-02T11-36-36_974-jvmRun1 surefire-20241202113641530_1tmp surefire_0-20241202113641530_2tmp"/>
    <property name="jdk.debug" value="release"/>
    <property name="maven.home" value="/home/sebastian/.m2/wrapper/dists/apache-maven-3.9.9-bin/33b4b2b4/apache-maven-3.9.9"/>
    <property name="surefire.test.class.path" value="/home/sebastian/Desktop/4CHIF/Syp/2025-4CHIF-pv-panels/01-projekte-2025-4chif-syp-pv-panels/code-with-quarkus/target/test-classes:/home/sebastian/Desktop/4CHIF/Syp/2025-4CHIF-pv-panels/01-projekte-2025-4chif-syp-pv-panels/code-with-quarkus/target/classes:/home/sebastian/.m2/repository/io/quarkus/quarkus-rest-jackson/3.16.2/quarkus-rest-jackson-3.16.2.jar:/home/sebastian/.m2/repository/io/quarkus/quarkus-rest-jackson-common/3.16.2/quarkus-rest-jackson-common-3.16.2.jar:/home/sebastian/.m2/repository/io/quarkus/resteasy/reactive/resteasy-reactive-jackson/3.16.2/resteasy-reactive-jackson-3.16.2.jar:/home/sebastian/.m2/repository/io/quarkus/quarkus-jackson/3.16.2/quarkus-jackson-3.16.2.jar:/home/sebastian/.m2/repository/com/fasterxml/jackson/datatype/jackson-datatype-jsr310/2.18.1/jackson-datatype-jsr310-2.18.1.jar:/home/sebastian/.m2/repository/com/fasterxml/jackson/datatype/jackson-datatype-jdk8/2.18.1/jackson-datatype-jdk8-2.18.1.jar:/home/sebastian/.m2/repository/com/fasterxml/jackson/module/jackson-module-parameter-names/2.18.1/jackson-module-parameter-names-2.18.1.jar:/home/sebastian/.m2/repository/io/quarkus/quarkus-rest/3.16.2/quarkus-rest-3.16.2.jar:/home/sebastian/.m2/repository/io/quarkus/quarkus-rest-common/3.16.2/quarkus-rest-common-3.16.2.jar:/home/sebastian/.m2/repository/io/quarkus/resteasy/reactive/resteasy-reactive-common/3.16.2/resteasy-reactive-common-3.16.2.jar:/home/sebastian/.m2/repository/io/quarkus/resteasy/reactive/resteasy-reactive-common-types/3.16.2/resteasy-reactive-common-types-3.16.2.jar:/home/sebastian/.m2/repository/org/reactivestreams/reactive-streams/1.0.4/reactive-streams-1.0.4.jar:/home/sebastian/.m2/repository/io/quarkus/quarkus-mutiny/3.16.2/quarkus-mutiny-3.16.2.jar:/home/sebastian/.m2/repository/io/quarkus/resteasy/reactive/resteasy-reactive-vertx/3.16.2/resteasy-reactive-vertx-3.16.2.jar:/home/sebastian/.m2/repository/io/vertx/vertx-web/4.5.10/vertx-web-4.5.10.jar:/home/sebastian/.m2/repository/io/vertx/vertx-web-common/4.5.10/vertx-web-common-4.5.10.jar:/home/sebastian/.m2/repository/io/vertx/vertx-auth-common/4.5.10/vertx-auth-common-4.5.10.jar:/home/sebastian/.m2/repository/io/vertx/vertx-bridge-common/4.5.10/vertx-bridge-common-4.5.10.jar:/home/sebastian/.m2/repository/io/smallrye/reactive/smallrye-mutiny-vertx-core/3.15.0/smallrye-mutiny-vertx-core-3.15.0.jar:/home/sebastian/.m2/repository/io/smallrye/reactive/smallrye-mutiny-vertx-runtime/3.15.0/smallrye-mutiny-vertx-runtime-3.15.0.jar:/home/sebastian/.m2/repository/io/smallrye/reactive/vertx-mutiny-generator/3.15.0/vertx-mutiny-generator-3.15.0.jar:/home/sebastian/.m2/repository/io/vertx/vertx-codegen/4.5.10/vertx-codegen-4.5.10.jar:/home/sebastian/.m2/repository/io/quarkus/resteasy/reactive/resteasy-reactive/3.16.2/resteasy-reactive-3.16.2.jar:/home/sebastian/.m2/repository/io/quarkus/vertx/utils/quarkus-vertx-utils/3.16.2/quarkus-vertx-utils-3.16.2.jar:/home/sebastian/.m2/repository/jakarta/enterprise/jakarta.enterprise.cdi-api/4.1.0/jakarta.enterprise.cdi-api-4.1.0.jar:/home/sebastian/.m2/repository/jakarta/enterprise/jakarta.enterprise.lang-model/4.1.0/jakarta.enterprise.lang-model-4.1.0.jar:/home/sebastian/.m2/repository/jakarta/interceptor/jakarta.interceptor-api/2.2.0/jakarta.interceptor-api-2.2.0.jar:/home/sebastian/.m2/repository/jakarta/ws/rs/jakarta.ws.rs-api/3.1.0/jakarta.ws.rs-api-3.1.0.jar:/home/sebastian/.m2/repository/org/jboss/logging/commons-logging-jboss-logging/1.0.0.Final/commons-logging-jboss-logging-1.0.0.Final.jar:/home/sebastian/.m2/repository/jakarta/xml/bind/jakarta.xml.bind-api/4.0.2/jakarta.xml.bind-api-4.0.2.jar:/home/sebastian/.m2/repository/jakarta/activation/jakarta.activation-api/2.1.3/jakarta.activation-api-2.1.3.jar:/home/sebastian/.m2/repository/org/jboss/logging/jboss-logging/3.6.1.Final/jboss-logging-3.6.1.Final.jar:/home/sebastian/.m2/repository/io/quarkus/quarkus-vertx-http/3.16.2/quarkus-vertx-http-3.16.2.jar:/home/sebastian/.m2/repository/io/quarkus/quarkus-security-runtime-spi/3.16.2/quarkus-security-runtime-spi-3.16.2.jar:/home/sebastian/.m2/repository/io/quarkus/quarkus-credentials/3.16.2/quarkus-credentials-3.16.2.jar:/home/sebastian/.m2/repository/io/smallrye/common/smallrye-common-vertx-context/2.7.0/smallrye-common-vertx-context-2.7.0.jar:/home/sebastian/.m2/repository/io/smallrye/common/smallrye-common-constraint/2.7.0/smallrye-common-constraint-2.7.0.jar:/home/sebastian/.m2/repository/io/quarkus/security/quarkus-security/2.1.0/quarkus-security-2.1.0.jar:/home/sebastian/.m2/repository/io/smallrye/reactive/smallrye-mutiny-vertx-web/3.15.0/smallrye-mutiny-vertx-web-3.15.0.jar:/home/sebastian/.m2/repository/io/smallrye/reactive/smallrye-mutiny-vertx-web-common/3.15.0/smallrye-mutiny-vertx-web-common-3.15.0.jar:/home/sebastian/.m2/repository/io/smallrye/reactive/smallrye-mutiny-vertx-auth-common/3.15.0/smallrye-mutiny-vertx-auth-common-3.15.0.jar:/home/sebastian/.m2/repository/io/smallrye/reactive/smallrye-mutiny-vertx-bridge-common/3.15.0/smallrye-mutiny-vertx-bridge-common-3.15.0.jar:/home/sebastian/.m2/repository/io/smallrye/reactive/smallrye-mutiny-vertx-uri-template/3.15.0/smallrye-mutiny-vertx-uri-template-3.15.0.jar:/home/sebastian/.m2/repository/io/vertx/vertx-uri-template/4.5.10/vertx-uri-template-4.5.10.jar:/home/sebastian/.m2/repository/io/github/crac/org-crac/0.1.3/org-crac-0.1.3.jar:/home/sebastian/.m2/repository/com/aayushatharva/brotli4j/brotli4j/1.16.0/brotli4j-1.16.0.jar:/home/sebastian/.m2/repository/com/aayushatharva/brotli4j/service/1.16.0/service-1.16.0.jar:/home/sebastian/.m2/repository/com/aayushatharva/brotli4j/native-linux-x86_64/1.16.0/native-linux-x86_64-1.16.0.jar:/home/sebastian/.m2/repository/io/quarkus/quarkus-jsonp/3.16.2/quarkus-jsonp-3.16.2.jar:/home/sebastian/.m2/repository/org/eclipse/parsson/parsson/1.1.7/parsson-1.1.7.jar:/home/sebastian/.m2/repository/jakarta/json/jakarta.json-api/2.1.3/jakarta.json-api-2.1.3.jar:/home/sebastian/.m2/repository/io/quarkus/quarkus-virtual-threads/3.16.2/quarkus-virtual-threads-3.16.2.jar:/home/sebastian/.m2/repository/io/vertx/vertx-core/4.5.10/vertx-core-4.5.10.jar:/home/sebastian/.m2/repository/io/netty/netty-common/4.1.111.Final/netty-common-4.1.111.Final.jar:/home/sebastian/.m2/repository/io/netty/netty-buffer/4.1.111.Final/netty-buffer-4.1.111.Final.jar:/home/sebastian/.m2/repository/io/netty/netty-transport/4.1.111.Final/netty-transport-4.1.111.Final.jar:/home/sebastian/.m2/repository/io/netty/netty-handler/4.1.111.Final/netty-handler-4.1.111.Final.jar:/home/sebastian/.m2/repository/io/netty/netty-transport-native-unix-common/4.1.111.Final/netty-transport-native-unix-common-4.1.111.Final.jar:/home/sebastian/.m2/repository/io/netty/netty-handler-proxy/4.1.111.Final/netty-handler-proxy-4.1.111.Final.jar:/home/sebastian/.m2/repository/io/netty/netty-codec-socks/4.1.111.Final/netty-codec-socks-4.1.111.Final.jar:/home/sebastian/.m2/repository/io/netty/netty-codec-http/4.1.111.Final/netty-codec-http-4.1.111.Final.jar:/home/sebastian/.m2/repository/io/netty/netty-codec-http2/4.1.111.Final/netty-codec-http2-4.1.111.Final.jar:/home/sebastian/.m2/repository/io/netty/netty-resolver/4.1.111.Final/netty-resolver-4.1.111.Final.jar:/home/sebastian/.m2/repository/io/netty/netty-resolver-dns/4.1.111.Final/netty-resolver-dns-4.1.111.Final.jar:/home/sebastian/.m2/repository/io/netty/netty-codec-dns/4.1.111.Final/netty-codec-dns-4.1.111.Final.jar:/home/sebastian/.m2/repository/io/quarkus/quarkus-arc/3.16.2/quarkus-arc-3.16.2.jar:/home/sebastian/.m2/repository/io/quarkus/arc/arc/3.16.2/arc-3.16.2.jar:/home/sebastian/.m2/repository/jakarta/transaction/jakarta.transaction-api/2.0.1/jakarta.transaction-api-2.0.1.jar:/home/sebastian/.m2/repository/io/smallrye/reactive/mutiny/2.6.2/mutiny-2.6.2.jar:/home/sebastian/.m2/repository/org/jctools/jctools-core/4.0.5/jctools-core-4.0.5.jar:/home/sebastian/.m2/repository/io/quarkus/quarkus-core/3.16.2/quarkus-core-3.16.2.jar:/home/sebastian/.m2/repository/jakarta/inject/jakarta.inject-api/2.0.1/jakarta.inject-api-2.0.1.jar:/home/sebastian/.m2/repository/io/smallrye/common/smallrye-common-os/2.7.0/smallrye-common-os-2.7.0.jar:/home/sebastian/.m2/repository/io/quarkus/quarkus-ide-launcher/3.16.2/quarkus-ide-launcher-3.16.2.jar:/home/sebastian/.m2/repository/io/quarkus/quarkus-development-mode-spi/3.16.2/quarkus-development-mode-spi-3.16.2.jar:/home/sebastian/.m2/repository/io/smallrye/config/smallrye-config/3.9.1/smallrye-config-3.9.1.jar:/home/sebastian/.m2/repository/io/smallrye/config/smallrye-config-core/3.9.1/smallrye-config-core-3.9.1.jar:/home/sebastian/.m2/repository/io/smallrye/common/smallrye-common-classloader/2.7.0/smallrye-common-classloader-2.7.0.jar:/home/sebastian/.m2/repository/io/smallrye/config/smallrye-config-common/3.9.1/smallrye-config-common-3.9.1.jar:/home/sebastian/.m2/repository/org/jboss/logmanager/jboss-logmanager/3.0.6.Final/jboss-logmanager-3.0.6.Final.jar:/home/sebastian/.m2/repository/io/smallrye/common/smallrye-common-cpu/2.7.0/smallrye-common-cpu-2.7.0.jar:/home/sebastian/.m2/repository/io/smallrye/common/smallrye-common-expression/2.7.0/smallrye-common-expression-2.7.0.jar:/home/sebastian/.m2/repository/io/smallrye/common/smallrye-common-net/2.7.0/smallrye-common-net-2.7.0.jar:/home/sebastian/.m2/repository/io/smallrye/common/smallrye-common-ref/2.7.0/smallrye-common-ref-2.7.0.jar:/home/sebastian/.m2/repository/org/jboss/logging/jboss-logging-annotations/3.0.2.Final/jboss-logging-annotations-3.0.2.Final.jar:/home/sebastian/.m2/repository/org/jboss/threads/jboss-threads/3.8.0.Final/jboss-threads-3.8.0.Final.jar:/home/sebastian/.m2/repository/io/smallrye/common/smallrye-common-function/2.7.0/smallrye-common-function-2.7.0.jar:/home/sebastian/.m2/repository/org/slf4j/slf4j-api/2.0.6/slf4j-api-2.0.6.jar:/home/sebastian/.m2/repository/org/wildfly/common/wildfly-common/1.7.0.Final/wildfly-common-1.7.0.Final.jar:/home/sebastian/.m2/repository/io/quarkus/quarkus-bootstrap-runner/3.16.2/quarkus-bootstrap-runner-3.16.2.jar:/home/sebastian/.m2/repository/io/quarkus/quarkus-fs-util/0.0.10/quarkus-fs-util-0.0.10.jar:/home/sebastian/.m2/repository/org/eclipse/microprofile/context-propagation/microprofile-context-propagation-api/1.3/microprofile-context-propagation-api-1.3.jar:/home/sebastian/.m2/repository/io/quarkus/quarkus-messaging-mqtt/3.16.2/quarkus-messaging-mqtt-3.16.2.jar:/home/sebastian/.m2/repository/io/smallrye/reactive/smallrye-reactive-messaging-mqtt/4.25.0/smallrye-reactive-messaging-mqtt-4.25.0.jar:/home/sebastian/.m2/repository/io/smallrye/reactive/smallrye-mutiny-vertx-mqtt/3.15.0/smallrye-mutiny-vertx-mqtt-3.15.0.jar:/home/sebastian/.m2/repository/io/vertx/vertx-mqtt/4.5.10/vertx-mqtt-4.5.10.jar:/home/sebastian/.m2/repository/io/netty/netty-codec-mqtt/4.1.111.Final/netty-codec-mqtt-4.1.111.Final.jar:/home/sebastian/.m2/repository/io/smallrye/reactive/smallrye-reactive-converter-api/3.0.1/smallrye-reactive-converter-api-3.0.1.jar:/home/sebastian/.m2/repository/io/smallrye/reactive/mutiny-zero/1.1.0/mutiny-zero-1.1.0.jar:/home/sebastian/.m2/repository/io/smallrye/reactive/mutiny-zero-flow-adapters/1.1.0/mutiny-zero-flow-adapters-1.1.0.jar:/home/sebastian/.m2/repository/io/quarkus/quarkus-mutiny-reactive-streams-operators/3.16.2/quarkus-mutiny-reactive-streams-operators-3.16.2.jar:/home/sebastian/.m2/repository/org/eclipse/microprofile/reactive-streams-operators/microprofile-reactive-streams-operators-api/3.0.1/microprofile-reactive-streams-operators-api-3.0.1.jar:/home/sebastian/.m2/repository/org/eclipse/microprofile/reactive-streams-operators/microprofile-reactive-streams-operators-core/3.0.1/microprofile-reactive-streams-operators-core-3.0.1.jar:/home/sebastian/.m2/repository/io/smallrye/reactive/mutiny-reactive-streams-operators/2.6.2/mutiny-reactive-streams-operators-2.6.2.jar:/home/sebastian/.m2/repository/io/smallrye/reactive/mutiny-smallrye-context-propagation/2.6.2/mutiny-smallrye-context-propagation-2.6.2.jar:/home/sebastian/.m2/repository/io/smallrye/smallrye-context-propagation/2.1.2/smallrye-context-propagation-2.1.2.jar:/home/sebastian/.m2/repository/io/smallrye/smallrye-context-propagation-api/2.1.2/smallrye-context-propagation-api-2.1.2.jar:/home/sebastian/.m2/repository/io/smallrye/smallrye-context-propagation-storage/2.1.2/smallrye-context-propagation-storage-2.1.2.jar:/home/sebastian/.m2/repository/io/quarkus/quarkus-smallrye-context-propagation/3.16.2/quarkus-smallrye-context-propagation-3.16.2.jar:/home/sebastian/.m2/repository/io/quarkus/quarkus-messaging/3.16.2/quarkus-messaging-3.16.2.jar:/home/sebastian/.m2/repository/io/quarkus/quarkus-messaging-kotlin/3.16.2/quarkus-messaging-kotlin-3.16.2.jar:/home/sebastian/.m2/repository/io/smallrye/common/smallrye-common-annotation/2.7.0/smallrye-common-annotation-2.7.0.jar:/home/sebastian/.m2/repository/io/smallrye/reactive/smallrye-reactive-messaging-health/4.25.0/smallrye-reactive-messaging-health-4.25.0.jar:/home/sebastian/.m2/repository/org/eclipse/microprofile/health/microprofile-health-api/4.0.1/microprofile-health-api-4.0.1.jar:/home/sebastian/.m2/repository/io/quarkus/quarkus-vertx/3.16.2/quarkus-vertx-3.16.2.jar:/home/sebastian/.m2/repository/io/quarkus/quarkus-netty/3.16.2/quarkus-netty-3.16.2.jar:/home/sebastian/.m2/repository/io/netty/netty-codec/4.1.111.Final/netty-codec-4.1.111.Final.jar:/home/sebastian/.m2/repository/io/netty/netty-codec-haproxy/4.1.111.Final/netty-codec-haproxy-4.1.111.Final.jar:/home/sebastian/.m2/repository/io/quarkus/quarkus-vertx-latebound-mdc-provider/3.16.2/quarkus-vertx-latebound-mdc-provider-3.16.2.jar:/home/sebastian/.m2/repository/io/smallrye/smallrye-fault-tolerance-vertx/6.5.0/smallrye-fault-tolerance-vertx-6.5.0.jar:/home/sebastian/.m2/repository/io/quarkus/quarkus-tls-registry/3.16.2/quarkus-tls-registry-3.16.2.jar:/home/sebastian/.m2/repository/io/smallrye/reactive/smallrye-reactive-messaging-provider/4.25.0/smallrye-reactive-messaging-provider-4.25.0.jar:/home/sebastian/.m2/repository/io/smallrye/reactive/smallrye-reactive-messaging-api/4.25.0/smallrye-reactive-messaging-api-4.25.0.jar:/home/sebastian/.m2/repository/io/opentelemetry/opentelemetry-api/1.42.1/opentelemetry-api-1.42.1.jar:/home/sebastian/.m2/repository/io/opentelemetry/opentelemetry-context/1.42.1/opentelemetry-context-1.42.1.jar:/home/sebastian/.m2/repository/jakarta/annotation/jakarta.annotation-api/3.0.0/jakarta.annotation-api-3.0.0.jar:/home/sebastian/.m2/repository/io/quarkus/quarkus-scheduler/3.16.2/quarkus-scheduler-3.16.2.jar:/home/sebastian/.m2/repository/io/quarkus/quarkus-scheduler-kotlin/3.16.2/quarkus-scheduler-kotlin-3.16.2.jar:/home/sebastian/.m2/repository/io/quarkus/quarkus-scheduler-common/3.16.2/quarkus-scheduler-common-3.16.2.jar:/home/sebastian/.m2/repository/io/quarkus/quarkus-scheduler-api/3.16.2/quarkus-scheduler-api-3.16.2.jar:/home/sebastian/.m2/repository/io/quarkus/quarkus-scheduler-spi/3.16.2/quarkus-scheduler-spi-3.16.2.jar:/home/sebastian/.m2/repository/io/opentelemetry/instrumentation/opentelemetry-instrumentation-api/2.8.0/opentelemetry-instrumentation-api-2.8.0.jar:/home/sebastian/.m2/repository/io/opentelemetry/opentelemetry-api-incubator/1.42.1-alpha/opentelemetry-api-incubator-1.42.1-alpha.jar:/home/sebastian/.m2/repository/io/opentelemetry/semconv/opentelemetry-semconv/1.27.0-alpha/opentelemetry-semconv-1.27.0-alpha.jar:/home/sebastian/.m2/repository/com/cronutils/cron-utils/9.2.1/cron-utils-9.2.1.jar:/home/sebastian/.m2/repository/org/jboss/slf4j/slf4j-jboss-logmanager/2.0.0.Final/slf4j-jboss-logmanager-2.0.0.Final.jar:/home/sebastian/.m2/repository/org/glassfish/expressly/expressly/5.0.0/expressly-5.0.0.jar:/home/sebastian/.m2/repository/jakarta/el/jakarta.el-api/5.0.1/jakarta.el-api-5.0.1.jar:/home/sebastian/.m2/repository/io/quarkus/quarkus-junit5/3.16.2/quarkus-junit5-3.16.2.jar:/home/sebastian/.m2/repository/io/quarkus/quarkus-bootstrap-core/3.16.2/quarkus-bootstrap-core-3.16.2.jar:/home/sebastian/.m2/repository/io/quarkus/quarkus-classloader-commons/3.16.2/quarkus-classloader-commons-3.16.2.jar:/home/sebastian/.m2/repository/io/quarkus/quarkus-bootstrap-app-model/3.16.2/quarkus-bootstrap-app-model-3.16.2.jar:/home/sebastian/.m2/repository/io/smallrye/common/smallrye-common-io/2.7.0/smallrye-common-io-2.7.0.jar:/home/sebastian/.m2/repository/org/eclipse/sisu/org.eclipse.sisu.inject/0.9.0.M3/org.eclipse.sisu.inject-0.9.0.M3.jar:/home/sebastian/.m2/repository/io/quarkus/quarkus-test-common/3.16.2/quarkus-test-common-3.16.2.jar:/home/sebastian/.m2/repository/io/quarkus/quarkus-core-deployment/3.16.2/quarkus-core-deployment-3.16.2.jar:/home/sebastian/.m2/repository/org/aesh/readline/2.6/readline-2.6.jar:/home/sebastian/.m2/repository/org/fusesource/jansi/jansi/2.4.0/jansi-2.4.0.jar:/home/sebastian/.m2/repository/org/aesh/aesh/2.8.2/aesh-2.8.2.jar:/home/sebastian/.m2/repository/io/quarkus/gizmo/gizmo/1.8.0/gizmo-1.8.0.jar:/home/sebastian/.m2/repository/org/ow2/asm/asm-util/9.7.1/asm-util-9.7.1.jar:/home/sebastian/.m2/repository/org/ow2/asm/asm-analysis/9.7.1/asm-analysis-9.7.1.jar:/home/sebastian/.m2/repository/org/ow2/asm/asm/9.7.1/asm-9.7.1.jar:/home/sebastian/.m2/repository/org/ow2/asm/asm-commons/9.7.1/asm-commons-9.7.1.jar:/home/sebastian/.m2/repository/org/ow2/asm/asm-tree/9.7.1/asm-tree-9.7.1.jar:/home/sebastian/.m2/repository/io/quarkus/quarkus-hibernate-validator-spi/3.16.2/quarkus-hibernate-validator-spi-3.16.2.jar:/home/sebastian/.m2/repository/io/quarkus/quarkus-class-change-agent/3.16.2/quarkus-class-change-agent-3.16.2.jar:/home/sebastian/.m2/repository/io/quarkus/quarkus-devtools-utilities/3.16.2/quarkus-devtools-utilities-3.16.2.jar:/home/sebastian/.m2/repository/io/quarkus/quarkus-builder/3.16.2/quarkus-builder-3.16.2.jar:/home/sebastian/.m2/repository/org/graalvm/sdk/nativeimage/23.1.2/nativeimage-23.1.2.jar:/home/sebastian/.m2/repository/org/graalvm/sdk/word/23.1.2/word-23.1.2.jar:/home/sebastian/.m2/repository/org/junit/platform/junit-platform-launcher/1.10.5/junit-platform-launcher-1.10.5.jar:/home/sebastian/.m2/repository/io/quarkus/quarkus-bootstrap-maven-resolver/3.16.2/quarkus-bootstrap-maven-resolver-3.16.2.jar:/home/sebastian/.m2/repository/io/smallrye/beanbag/smallrye-beanbag-maven/1.5.2/smallrye-beanbag-maven-1.5.2.jar:/home/sebastian/.m2/repository/io/smallrye/beanbag/smallrye-beanbag-sisu/1.5.2/smallrye-beanbag-sisu-1.5.2.jar:/home/sebastian/.m2/repository/io/smallrye/beanbag/smallrye-beanbag/1.5.2/smallrye-beanbag-1.5.2.jar:/home/sebastian/.m2/repository/javax/inject/javax.inject/1/javax.inject-1.jar:/home/sebastian/.m2/repository/org/apache/maven/maven-artifact/3.9.9/maven-artifact-3.9.9.jar:/home/sebastian/.m2/repository/org/apache/maven/maven-builder-support/3.9.9/maven-builder-support-3.9.9.jar:/home/sebastian/.m2/repository/org/apache/maven/maven-model/3.9.9/maven-model-3.9.9.jar:/home/sebastian/.m2/repository/org/apache/maven/maven-model-builder/3.9.9/maven-model-builder-3.9.9.jar:/home/sebastian/.m2/repository/org/apache/maven/maven-repository-metadata/3.9.9/maven-repository-metadata-3.9.9.jar:/home/sebastian/.m2/repository/org/apache/maven/maven-settings/3.9.9/maven-settings-3.9.9.jar:/home/sebastian/.m2/repository/org/apache/maven/resolver/maven-resolver-api/1.9.22/maven-resolver-api-1.9.22.jar:/home/sebastian/.m2/repository/org/apache/maven/resolver/maven-resolver-impl/1.9.22/maven-resolver-impl-1.9.22.jar:/home/sebastian/.m2/repository/org/apache/maven/resolver/maven-resolver-named-locks/1.9.22/maven-resolver-named-locks-1.9.22.jar:/home/sebastian/.m2/repository/org/apache/maven/resolver/maven-resolver-spi/1.9.22/maven-resolver-spi-1.9.22.jar:/home/sebastian/.m2/repository/org/apache/maven/resolver/maven-resolver-util/1.9.22/maven-resolver-util-1.9.22.jar:/home/sebastian/.m2/repository/org/apache/maven/resolver/maven-resolver-transport-http/1.9.20/maven-resolver-transport-http-1.9.20.jar:/home/sebastian/.m2/repository/org/apache/maven/wagon/wagon-provider-api/3.5.3/wagon-provider-api-3.5.3.jar:/home/sebastian/.m2/repository/org/apache/maven/wagon/wagon-http-shared/3.5.3/wagon-http-shared-3.5.3.jar:/home/sebastian/.m2/repository/org/codehaus/plexus/plexus-interpolation/1.26/plexus-interpolation-1.26.jar:/home/sebastian/.m2/repository/org/codehaus/plexus/plexus-utils/3.5.1/plexus-utils-3.5.1.jar:/home/sebastian/.m2/repository/org/codehaus/plexus/plexus-xml/4.0.1/plexus-xml-4.0.1.jar:/home/sebastian/.m2/repository/org/apache/maven/maven-xml-impl/4.0.0-alpha-5/maven-xml-impl-4.0.0-alpha-5.jar:/home/sebastian/.m2/repository/org/apache/maven/maven-api-xml/4.0.0-alpha-5/maven-api-xml-4.0.0-alpha-5.jar:/home/sebastian/.m2/repository/org/apache/maven/maven-api-meta/4.0.0-alpha-5/maven-api-meta-4.0.0-alpha-5.jar:/home/sebastian/.m2/repository/org/codehaus/plexus/plexus-cipher/2.0/plexus-cipher-2.0.jar:/home/sebastian/.m2/repository/org/codehaus/plexus/plexus-sec-dispatcher/2.0/plexus-sec-dispatcher-2.0.jar:/home/sebastian/.m2/repository/org/apache/maven/maven-embedder/3.9.9/maven-embedder-3.9.9.jar:/home/sebastian/.m2/repository/org/apache/maven/maven-core/3.9.9/maven-core-3.9.9.jar:/home/sebastian/.m2/repository/org/codehaus/plexus/plexus-component-annotations/2.1.0/plexus-component-annotations-2.1.0.jar:/home/sebastian/.m2/repository/org/apache/maven/maven-plugin-api/3.9.9/maven-plugin-api-3.9.9.jar:/home/sebastian/.m2/repository/org/apache/maven/shared/maven-shared-utils/3.4.2/maven-shared-utils-3.4.2.jar:/home/sebastian/.m2/repository/com/google/inject/guice/5.1.0/guice-5.1.0.jar:/home/sebastian/.m2/repository/aopalliance/aopalliance/1.0/aopalliance-1.0.jar:/home/sebastian/.m2/repository/com/google/guava/guava/33.3.1-jre/guava-33.3.1-jre.jar:/home/sebastian/.m2/repository/com/google/guava/failureaccess/1.0.1/failureaccess-1.0.1.jar:/home/sebastian/.m2/repository/javax/annotation/javax.annotation-api/1.3.2/javax.annotation-api-1.3.2.jar:/home/sebastian/.m2/repository/org/codehaus/plexus/plexus-classworlds/2.6.0/plexus-classworlds-2.6.0.jar:/home/sebastian/.m2/repository/commons-cli/commons-cli/1.8.0/commons-cli-1.8.0.jar:/home/sebastian/.m2/repository/org/eclipse/sisu/org.eclipse.sisu.plexus/0.9.0.M3/org.eclipse.sisu.plexus-0.9.0.M3.jar:/home/sebastian/.m2/repository/org/apache/maven/maven-settings-builder/3.9.9/maven-settings-builder-3.9.9.jar:/home/sebastian/.m2/repository/org/apache/maven/maven-resolver-provider/3.9.9/maven-resolver-provider-3.9.9.jar:/home/sebastian/.m2/repository/org/apache/maven/resolver/maven-resolver-connector-basic/1.9.22/maven-resolver-connector-basic-1.9.22.jar:/home/sebastian/.m2/repository/org/apache/maven/resolver/maven-resolver-transport-wagon/1.9.22/maven-resolver-transport-wagon-1.9.22.jar:/home/sebastian/.m2/repository/org/apache/maven/wagon/wagon-http/3.5.3/wagon-http-3.5.3.jar:/home/sebastian/.m2/repository/org/apache/maven/wagon/wagon-file/3.5.3/wagon-file-3.5.3.jar:/home/sebastian/.m2/repository/io/quarkus/quarkus-bootstrap-gradle-resolver/3.16.2/quarkus-bootstrap-gradle-resolver-3.16.2.jar:/home/sebastian/.m2/repository/io/smallrye/jandex/3.2.3/jandex-3.2.3.jar:/home/sebastian/.m2/repository/commons-io/commons-io/2.17.0/commons-io-2.17.0.jar:/home/sebastian/.m2/repository/io/quarkus/quarkus-junit5-properties/3.16.2/quarkus-junit5-properties-3.16.2.jar:/home/sebastian/.m2/repository/org/junit/jupiter/junit-jupiter/5.10.5/junit-jupiter-5.10.5.jar:/home/sebastian/.m2/repository/org/junit/jupiter/junit-jupiter-api/5.10.5/junit-jupiter-api-5.10.5.jar:/home/sebastian/.m2/repository/org/opentest4j/opentest4j/1.3.0/opentest4j-1.3.0.jar:/home/sebastian/.m2/repository/org/junit/platform/junit-platform-commons/1.10.5/junit-platform-commons-1.10.5.jar:/home/sebastian/.m2/repository/org/apiguardian/apiguardian-api/1.1.2/apiguardian-api-1.1.2.jar:/home/sebastian/.m2/repository/org/junit/jupiter/junit-jupiter-params/5.10.5/junit-jupiter-params-5.10.5.jar:/home/sebastian/.m2/repository/org/junit/jupiter/junit-jupiter-engine/5.10.5/junit-jupiter-engine-5.10.5.jar:/home/sebastian/.m2/repository/org/junit/platform/junit-platform-engine/1.10.5/junit-platform-engine-1.10.5.jar:/home/sebastian/.m2/repository/org/jboss/marshalling/jboss-marshalling/2.2.1.Final/jboss-marshalling-2.2.1.Final.jar:/home/sebastian/.m2/repository/io/rest-assured/rest-assured/5.5.0/rest-assured-5.5.0.jar:/home/sebastian/.m2/repository/org/apache/groovy/groovy/4.0.22/groovy-4.0.22.jar:/home/sebastian/.m2/repository/org/apache/groovy/groovy-xml/4.0.22/groovy-xml-4.0.22.jar:/home/sebastian/.m2/repository/org/apache/httpcomponents/httpclient/4.5.14/httpclient-4.5.14.jar:/home/sebastian/.m2/repository/org/apache/httpcomponents/httpcore/4.4.16/httpcore-4.4.16.jar:/home/sebastian/.m2/repository/commons-codec/commons-codec/1.17.1/commons-codec-1.17.1.jar:/home/sebastian/.m2/repository/org/apache/httpcomponents/httpmime/4.5.14/httpmime-4.5.14.jar:/home/sebastian/.m2/repository/org/hamcrest/hamcrest/2.2/hamcrest-2.2.jar:/home/sebastian/.m2/repository/org/ccil/cowan/tagsoup/tagsoup/1.2.1/tagsoup-1.2.1.jar:/home/sebastian/.m2/repository/io/rest-assured/json-path/5.5.0/json-path-5.5.0.jar:/home/sebastian/.m2/repository/org/apache/groovy/groovy-json/4.0.22/groovy-json-4.0.22.jar:/home/sebastian/.m2/repository/io/rest-assured/rest-assured-common/5.5.0/rest-assured-common-5.5.0.jar:/home/sebastian/.m2/repository/io/rest-assured/xml-path/5.5.0/xml-path-5.5.0.jar:/home/sebastian/.m2/repository/org/apache/commons/commons-lang3/3.17.0/commons-lang3-3.17.0.jar:/home/sebastian/.m2/repository/io/quarkus/quarkus-smallrye-openapi/3.16.2/quarkus-smallrye-openapi-3.16.2.jar:/home/sebastian/.m2/repository/io/smallrye/smallrye-open-api-core/3.13.0/smallrye-open-api-core-3.13.0.jar:/home/sebastian/.m2/repository/org/eclipse/microprofile/openapi/microprofile-openapi-api/3.1.2/microprofile-openapi-api-3.1.2.jar:/home/sebastian/.m2/repository/org/eclipse/microprofile/config/microprofile-config-api/3.1/microprofile-config-api-3.1.jar:/home/sebastian/.m2/repository/com/fasterxml/jackson/core/jackson-core/2.18.1/jackson-core-2.18.1.jar:/home/sebastian/.m2/repository/com/fasterxml/jackson/core/jackson-databind/2.18.1/jackson-databind-2.18.1.jar:/home/sebastian/.m2/repository/com/fasterxml/jackson/core/jackson-annotations/2.18.1/jackson-annotations-2.18.1.jar:/home/sebastian/.m2/repository/com/fasterxml/jackson/dataformat/jackson-dataformat-yaml/2.18.1/jackson-dataformat-yaml-2.18.1.jar:/home/sebastian/.m2/repository/org/yaml/snakeyaml/2.3/snakeyaml-2.3.jar:/home/sebastian/.m2/repository/io/quarkus/quarkus-swagger-ui/3.16.2/quarkus-swagger-ui-3.16.2.jar:/home/sebastian/.m2/repository/org/assertj/assertj-core/3.24.2/assertj-core-3.24.2.jar:/home/sebastian/.m2/repository/net/bytebuddy/byte-buddy/1.14.18/byte-buddy-1.14.18.jar:/home/sebastian/.m2/repository/org/influxdb/influxdb-java/2.23/influxdb-java-2.23.jar:/home/sebastian/.m2/repository/com/squareup/retrofit2/retrofit/2.9.0/retrofit-2.9.0.jar:/home/sebastian/.m2/repository/com/squareup/retrofit2/converter-moshi/2.9.0/converter-moshi-2.9.0.jar:/home/sebastian/.m2/repository/com/squareup/moshi/moshi/1.8.0/moshi-1.8.0.jar:/home/sebastian/.m2/repository/org/msgpack/msgpack-core/0.9.3/msgpack-core-0.9.3.jar:/home/sebastian/.m2/repository/com/squareup/okhttp3/okhttp/4.10.0/okhttp-4.10.0.jar:/home/sebastian/.m2/repository/com/squareup/okio/okio-jvm/3.0.0/okio-jvm-3.0.0.jar:/home/sebastian/.m2/repository/org/jetbrains/kotlin/kotlin-stdlib-common/2.0.21/kotlin-stdlib-common-2.0.21.jar:/home/sebastian/.m2/repository/org/jetbrains/kotlin/kotlin-stdlib/2.0.21/kotlin-stdlib-2.0.21.jar:/home/sebastian/.m2/repository/org/jetbrains/annotations/26.0.1/annotations-26.0.1.jar:/home/sebastian/.m2/repository/com/squareup/okhttp3/logging-interceptor/4.10.0/logging-interceptor-4.10.0.jar:/home/sebastian/.m2/repository/org/jetbrains/kotlin/kotlin-stdlib-jdk8/2.0.21/kotlin-stdlib-jdk8-2.0.21.jar:/home/sebastian/.m2/repository/org/jetbrains/kotlin/kotlin-stdlib-jdk7/2.0.21/kotlin-stdlib-jdk7-2.0.21.jar:"/>
    <property name="sun.cpu.endian" value="little"/>
    <property name="vertx.disableWebsockets" value="true"/>
    <property name="user.home" value="/home/sebastian"/>
    <property name="user.language" value="en"/>
    <property name="jboss.log-version" value="false"/>
    <property name="java.specification.vendor" value="Oracle Corporation"/>
    <property name="io.netty.allocator.maxOrder" value="3"/>
    <property name="java.version.date" value="2024-10-15"/>
    <property name="java.home" value="/usr/lib/jvm/java-21-openjdk-amd64"/>
    <property name="file.separator" value="/"/>
    <property name="basedir" value="/home/sebastian/Desktop/4CHIF/Syp/2025-4CHIF-pv-panels/01-projekte-2025-4chif-syp-pv-panels/code-with-quarkus"/>
    <property name="java.vm.compressedOopsMode" value="Zero based"/>
    <property name="line.separator" value="&#10;"/>
    <property name="java.vm.specification.vendor" value="Oracle Corporation"/>
    <property name="java.specification.name" value="Java Platform API Specification"/>
    <property name="surefire.real.class.path" value="/home/sebastian/Desktop/4CHIF/Syp/2025-4CHIF-pv-panels/01-projekte-2025-4chif-syp-pv-panels/code-with-quarkus/target/surefire/surefirebooter-20241202113641530_3.jar"/>
    <property name="sun.management.compiler" value="HotSpot 64-Bit Tiered Compilers"/>
    <property name="java.runtime.version" value="21.0.5+11-Ubuntu-1ubuntu124.04"/>
    <property name="user.name" value="sebastian"/>
    <property name="stdout.encoding" value="UTF-8"/>
    <property name="path.separator" value=":"/>
    <property name="os.version" value="6.8.0-45-generic"/>
    <property name="java.runtime.name" value="OpenJDK Runtime Environment"/>
    <property name="file.encoding" value="UTF-8"/>
    <property name="java.vm.name" value="OpenJDK 64-Bit Server VM"/>
    <property name="localRepository" value="/home/sebastian/.m2/repository"/>
    <property name="java.vendor.url.bug" value="https://bugs.launchpad.net/ubuntu/+source/openjdk-21"/>
    <property name="java.io.tmpdir" value="/tmp"/>
    <property name="quarkus.log.file.path" value="target/quarkus.log"/>
    <property name="java.version" value="21.0.5"/>
    <property name="java.util.concurrent.ForkJoinPool.common.threadFactory" value="io.quarkus.bootstrap.forkjoin.QuarkusForkJoinWorkerThreadFactory"/>
    <property name="user.dir" value="/home/sebastian/Desktop/4CHIF/Syp/2025-4CHIF-pv-panels/01-projekte-2025-4chif-syp-pv-panels/code-with-quarkus"/>
    <property name="os.arch" value="amd64"/>
    <property name="java.vm.specification.name" value="Java Virtual Machine Specification"/>
    <property name="vertx.disableDnsResolver" value="true"/>
    <property name="native.encoding" value="UTF-8"/>
    <property name="java.util.logging.manager" value="org.jboss.logmanager.LogManager"/>
    <property name="java.library.path" value="/usr/java/packages/lib:/usr/lib/x86_64-linux-gnu/jni:/lib/x86_64-linux-gnu:/usr/lib/x86_64-linux-gnu:/usr/lib/jni:/lib:/usr/lib"/>
    <property name="java.vm.info" value="mixed mode, sharing"/>
    <property name="stderr.encoding" value="UTF-8"/>
    <property name="java.vendor" value="Ubuntu"/>
    <property name="vertx.disableTCCL" value="true"/>
    <property name="java.vm.version" value="21.0.5+11-Ubuntu-1ubuntu124.04"/>
    <property name="sun.io.unicode.encoding" value="UnicodeLittle"/>
    <property name="io.netty.machineId" value="8c:b8:70:25:e4:2b:49:5a"/>
    <property name="java.class.version" value="65.0"/>
  </properties>
  <testcase name="testHelloEndpoint" classname="org.acme.GreetingResourceTest" time="0.866">
    <system-out><![CDATA[2024-12-02 11:36:46,883 INFO  [io.qua.sch.run.SimpleScheduler] (main) No scheduled business methods found - Simple scheduler will not be started
2024-12-02 11:36:46,912 INFO  [io.sma.rea.mes.mqtt] (main) Create MQTT Client for leo-student:67585eae6b50174a24148632fe42c4406bcea9f4f63e6de3c726868cb297034c89af7498993694e951d9855644bab7b9fcf11d39efdd2162e02fd6a99c4a82d0@mqtt.htl-leonding.ac.at:8883<>-[].
2024-12-02 11:36:46,939 INFO  [io.sma.rea.mes.mqtt] (main) Create MQTT Client for student:31aec05339e4ecd57b824d5b50ae2d43ed87a3e27710c2d0b24f72f6bdda8f8082cfb92af4b34d9120abe15becebb2c7e874ee46c68d055792b29eba5bd7c22a@vm90.htl-leonding.ac.at:1883<>-[].
2024-12-02 11:36:46,943 WARN  [io.sma.rea.mes.provider] (main) SRMSG00208: The connector 'IncomingConnector{channel:'leoenergy', attribute:'mp.messaging.incoming.leoenergy'}' has no downstreams
2024-12-02 11:36:46,945 WARN  [io.sma.rea.mes.provider] (main) SRMSG00207: Some components are not connected to either downstream consumers or upstream producers:
	- IncomingConnector{channel:'leoenergy', attribute:'mp.messaging.incoming.leoenergy'} has no downstream

2024-12-02 11:36:46,970 INFO  [at.htl.leo.mqt.InitBean] (main) It works
2024-12-02 11:36:47,897 INFO  [io.quarkus] (main) leoenergy 1.0-SNAPSHOT on JVM (powered by Quarkus 3.16.2) started in 3.309s. Listening on: http://localhost:8081
2024-12-02 11:36:47,900 INFO  [io.quarkus] (main) Profile test activated. 
2024-12-02 11:36:47,900 INFO  [io.quarkus] (main) Installed features: [cdi, messaging, messaging-mqtt, rest, rest-jackson, scheduler, smallrye-context-propagation, smallrye-openapi, swagger-ui, vertx]
2024-12-02 11:36:48,416 INFO  [io.ver.mqt.imp.MqttClientImpl] (vert.x-eventloop-thread-0) Connection with vm90.htl-leonding.ac.at:1883 established successfully
]]></system-out>
  </testcase>
</testsuite>